[
  {
    "line": 2,
    "elements": [
      {
        "before": [
          {
            "result": {
              "duration": 10787693367,
              "status": "passed"
            },
            "match": {
              "location": "CommonStepDefinitions.setup()"
            }
          }
        ],
        "line": 12,
        "name": "Add a member beneficiary",
        "description": "",
        "id": "test;add-a-member-beneficiary;;2",
        "after": [
          {
            "result": {
              "duration": 4088686885,
              "status": "passed"
            },
            "match": {
              "location": "CommonStepDefinitions.TearDown()"
            }
          }
        ],
        "type": "scenario",
        "keyword": "Scenario Outline",
        "steps": [
          {
            "result": {
              "duration": 3564607479,
              "status": "passed"
            },
            "line": 5,
            "name": "user is on the \"arm\" landing page",
            "match": {
              "arguments": [
                {
                  "val": "arm",
                  "offset": 16
                }
              ],
              "location": "ARMStepDefinitions.user_is_on_the_landing_page(String)"
            },
            "keyword": "Given "
          },
          {
            "result": {
              "duration": 3918420202,
              "status": "passed"
            },
            "line": 6,
            "name": "user enters \"brownagent\" and \"Password2\"",
            "match": {
              "arguments": [
                {
                  "val": "brownagent",
                  "offset": 13
                },
                {
                  "val": "Password2",
                  "offset": 30
                }
              ],
              "location": "ARMStepDefinitions.user_enters_and(String,String)"
            },
            "keyword": "When "
          },
          {
            "result": {
              "duration": 123393840,
              "status": "passed"
            },
            "line": 7,
            "name": "the \"Current rate to Bangladesh\" page is displayed",
            "match": {
              "arguments": [
                {
                  "val": "Current rate to Bangladesh",
                  "offset": 5
                }
              ],
              "location": "ARMStepDefinitions.the_page_is_displayed(String)"
            },
            "keyword": "Then "
          },
          {
            "result": {
              "duration": 43986084513,
              "error_message": "org.openqa.selenium.TimeoutException: Expected condition failed: waiting for visibility of element located by By.id: compliance_confirmation (tried for 15 second(s) with 500 milliseconds interval)\r\n\tat org.openqa.selenium.support.ui.WebDriverWait.timeoutException(WebDriverWait.java:81)\r\n\tat org.openqa.selenium.support.ui.FluentWait.until(FluentWait.java:271)\r\n\tat Helpers.HelperFunctions.waitForElementToBecomeVisible(HelperFunctions.java:154)\r\n\tat StepDefinitions.ARMStepDefinitions.user_the_create_a_money_by_for_for_the(ARMStepDefinitions.java:551)\r\n\tat ✽.When user  the create a money \"Cash Collection\" by \"Maria\" for  \"Sadi\" for the \"90\"(Test.feature:8)\r\nCaused by: org.openqa.selenium.NoSuchElementException: Cannot locate an element using By.id: compliance_confirmation\nFor documentation on this error, please visit: http://seleniumhq.org/exceptions/no_such_element.html\nBuild info: version: \u00273.13.0\u0027, revision: \u00272f0d292\u0027, time: \u00272018-06-25T15:24:21.231Z\u0027\nSystem info: host: \u0027SAFEEYAH\u0027, ip: \u0027192.168.0.36\u0027, os.name: \u0027Windows 10\u0027, os.arch: \u0027amd64\u0027, os.version: \u002710.0\u0027, java.version: \u00271.8.0_201\u0027\nDriver info: driver.version: unknown\r\n\tat org.openqa.selenium.support.ui.ExpectedConditions.lambda$findElement$0(ExpectedConditions.java:896)\r\n\tat java.util.Optional.orElseThrow(Unknown Source)\r\n\tat org.openqa.selenium.support.ui.ExpectedConditions.findElement(ExpectedConditions.java:895)\r\n\tat org.openqa.selenium.support.ui.ExpectedConditions.access$000(ExpectedConditions.java:44)\r\n\tat org.openqa.selenium.support.ui.ExpectedConditions$7.apply(ExpectedConditions.java:206)\r\n\tat org.openqa.selenium.support.ui.ExpectedConditions$7.apply(ExpectedConditions.java:202)\r\n\tat org.openqa.selenium.support.ui.FluentWait.until(FluentWait.java:248)\r\n\tat Helpers.HelperFunctions.waitForElementToBecomeVisible(HelperFunctions.java:154)\r\n\tat StepDefinitions.ARMStepDefinitions.user_the_create_a_money_by_for_for_the(ARMStepDefinitions.java:551)\r\n\tat sun.reflect.NativeMethodAccessorImpl.invoke0(Native Method)\r\n\tat sun.reflect.NativeMethodAccessorImpl.invoke(Unknown Source)\r\n\tat sun.reflect.DelegatingMethodAccessorImpl.invoke(Unknown Source)\r\n\tat java.lang.reflect.Method.invoke(Unknown Source)\r\n\tat cucumber.runtime.Utils$1.call(Utils.java:40)\r\n\tat cucumber.runtime.Timeout.timeout(Timeout.java:16)\r\n\tat cucumber.runtime.Utils.invoke(Utils.java:34)\r\n\tat cucumber.runtime.java.JavaStepDefinition.execute(JavaStepDefinition.java:38)\r\n\tat cucumber.runtime.StepDefinitionMatch.runStep(StepDefinitionMatch.java:37)\r\n\tat cucumber.runtime.Runtime.runStep(Runtime.java:300)\r\n\tat cucumber.runtime.model.StepContainer.runStep(StepContainer.java:44)\r\n\tat cucumber.runtime.model.StepContainer.runSteps(StepContainer.java:39)\r\n\tat cucumber.runtime.model.CucumberScenario.run(CucumberScenario.java:44)\r\n\tat cucumber.runtime.junit.ExecutionUnitRunner.run(ExecutionUnitRunner.java:102)\r\n\tat org.junit.runners.Suite.runChild(Suite.java:128)\r\n\tat org.junit.runners.Suite.runChild(Suite.java:27)\r\n\tat org.junit.runners.ParentRunner$3.run(ParentRunner.java:290)\r\n\tat org.junit.runners.ParentRunner$1.schedule(ParentRunner.java:71)\r\n\tat org.junit.runners.ParentRunner.runChildren(ParentRunner.java:288)\r\n\tat org.junit.runners.ParentRunner.access$000(ParentRunner.java:58)\r\n\tat org.junit.runners.ParentRunner$2.evaluate(ParentRunner.java:268)\r\n\tat org.junit.runners.ParentRunner.run(ParentRunner.java:363)\r\n\tat cucumber.runtime.junit.ExamplesRunner.run(ExamplesRunner.java:59)\r\n\tat org.junit.runners.Suite.runChild(Suite.java:128)\r\n\tat org.junit.runners.Suite.runChild(Suite.java:27)\r\n\tat org.junit.runners.ParentRunner$3.run(ParentRunner.java:290)\r\n\tat org.junit.runners.ParentRunner$1.schedule(ParentRunner.java:71)\r\n\tat org.junit.runners.ParentRunner.runChildren(ParentRunner.java:288)\r\n\tat org.junit.runners.ParentRunner.access$000(ParentRunner.java:58)\r\n\tat org.junit.runners.ParentRunner$2.evaluate(ParentRunner.java:268)\r\n\tat org.junit.runners.ParentRunner.run(ParentRunner.java:363)\r\n\tat cucumber.runtime.junit.ScenarioOutlineRunner.run(ScenarioOutlineRunner.java:53)\r\n\tat cucumber.runtime.junit.FeatureRunner.runChild(FeatureRunner.java:63)\r\n\tat cucumber.runtime.junit.FeatureRunner.runChild(FeatureRunner.java:18)\r\n\tat org.junit.runners.ParentRunner$3.run(ParentRunner.java:290)\r\n\tat org.junit.runners.ParentRunner$1.schedule(ParentRunner.java:71)\r\n\tat org.junit.runners.ParentRunner.runChildren(ParentRunner.java:288)\r\n\tat org.junit.runners.ParentRunner.access$000(ParentRunner.java:58)\r\n\tat org.junit.runners.ParentRunner$2.evaluate(ParentRunner.java:268)\r\n\tat org.junit.runners.ParentRunner.run(ParentRunner.java:363)\r\n\tat cucumber.runtime.junit.FeatureRunner.run(FeatureRunner.java:70)\r\n\tat cucumber.api.junit.Cucumber.runChild(Cucumber.java:95)\r\n\tat cucumber.api.junit.Cucumber.runChild(Cucumber.java:38)\r\n\tat org.junit.runners.ParentRunner$3.run(ParentRunner.java:290)\r\n\tat org.junit.runners.ParentRunner$1.schedule(ParentRunner.java:71)\r\n\tat org.junit.runners.ParentRunner.runChildren(ParentRunner.java:288)\r\n\tat org.junit.runners.ParentRunner.access$000(ParentRunner.java:58)\r\n\tat org.junit.runners.ParentRunner$2.evaluate(ParentRunner.java:268)\r\n\tat org.junit.internal.runners.statements.RunBefores.evaluate(RunBefores.java:26)\r\n\tat org.junit.internal.runners.statements.RunAfters.evaluate(RunAfters.java:27)\r\n\tat org.junit.runners.ParentRunner.run(ParentRunner.java:363)\r\n\tat cucumber.api.junit.Cucumber.run(Cucumber.java:100)\r\n\tat org.eclipse.jdt.internal.junit4.runner.JUnit4TestReference.run(JUnit4TestReference.java:89)\r\n\tat org.eclipse.jdt.internal.junit.runner.TestExecution.run(TestExecution.java:41)\r\n\tat org.eclipse.jdt.internal.junit.runner.RemoteTestRunner.runTests(RemoteTestRunner.java:541)\r\n\tat org.eclipse.jdt.internal.junit.runner.RemoteTestRunner.runTests(RemoteTestRunner.java:763)\r\n\tat org.eclipse.jdt.internal.junit.runner.RemoteTestRunner.run(RemoteTestRunner.java:463)\r\n\tat org.eclipse.jdt.internal.junit.runner.RemoteTestRunner.main(RemoteTestRunner.java:209)\r\n",
              "status": "failed"
            },
            "line": 8,
            "name": "user  the create a money \"Cash Collection\" by \"Maria\" for  \"Sadi\" for the \"90\"",
            "match": {
              "arguments": [
                {
                  "val": "Cash Collection",
                  "offset": 26
                },
                {
                  "val": "Maria",
                  "offset": 47
                },
                {
                  "val": "Sadi",
                  "offset": 60
                },
                {
                  "val": "90",
                  "offset": 75
                }
              ],
              "location": "ARMStepDefinitions.user_the_create_a_money_by_for_for_the(String,String,String,String)"
            },
            "matchedColumns": [
              0,
              1,
              2,
              3
            ],
            "keyword": "When "
          }
        ],
        "tags": [
          {
            "line": 1,
            "name": "@Test"
          }
        ]
      },
      {
        "before": [
          {
            "result": {
              "duration": 4320607245,
              "status": "passed"
            },
            "match": {
              "location": "CommonStepDefinitions.setup()"
            }
          }
        ],
        "line": 13,
        "name": "Add a member beneficiary",
        "description": "",
        "id": "test;add-a-member-beneficiary;;3",
        "after": [
          {
            "result": {
              "duration": 3936908176,
              "status": "passed"
            },
            "match": {
              "location": "CommonStepDefinitions.TearDown()"
            }
          }
        ],
        "type": "scenario",
        "keyword": "Scenario Outline",
        "steps": [
          {
            "result": {
              "duration": 2835376263,
              "status": "passed"
            },
            "line": 5,
            "name": "user is on the \"arm\" landing page",
            "match": {
              "arguments": [
                {
                  "val": "arm",
                  "offset": 16
                }
              ],
              "location": "ARMStepDefinitions.user_is_on_the_landing_page(String)"
            },
            "keyword": "Given "
          },
          {
            "result": {
              "duration": 3632806312,
              "status": "passed"
            },
            "line": 6,
            "name": "user enters \"brownagent\" and \"Password2\"",
            "match": {
              "arguments": [
                {
                  "val": "brownagent",
                  "offset": 13
                },
                {
                  "val": "Password2",
                  "offset": 30
                }
              ],
              "location": "ARMStepDefinitions.user_enters_and(String,String)"
            },
            "keyword": "When "
          },
          {
            "result": {
              "duration": 79534348,
              "status": "passed"
            },
            "line": 7,
            "name": "the \"Current rate to Bangladesh\" page is displayed",
            "match": {
              "arguments": [
                {
                  "val": "Current rate to Bangladesh",
                  "offset": 5
                }
              ],
              "location": "ARMStepDefinitions.the_page_is_displayed(String)"
            },
            "keyword": "Then "
          },
          {
            "result": {
              "duration": 42058559981,
              "error_message": "org.openqa.selenium.TimeoutException: Expected condition failed: waiting for visibility of element located by By.id: compliance_confirmation (tried for 15 second(s) with 500 milliseconds interval)\r\n\tat org.openqa.selenium.support.ui.WebDriverWait.timeoutException(WebDriverWait.java:81)\r\n\tat org.openqa.selenium.support.ui.FluentWait.until(FluentWait.java:271)\r\n\tat Helpers.HelperFunctions.waitForElementToBecomeVisible(HelperFunctions.java:154)\r\n\tat StepDefinitions.ARMStepDefinitions.user_the_create_a_money_by_for_for_the(ARMStepDefinitions.java:551)\r\n\tat ✽.When user  the create a money \"Account Transfer\" by \"Maria\" for  \"Sadi\" for the \"90\"(Test.feature:8)\r\nCaused by: org.openqa.selenium.NoSuchElementException: Cannot locate an element using By.id: compliance_confirmation\nFor documentation on this error, please visit: http://seleniumhq.org/exceptions/no_such_element.html\nBuild info: version: \u00273.13.0\u0027, revision: \u00272f0d292\u0027, time: \u00272018-06-25T15:24:21.231Z\u0027\nSystem info: host: \u0027SAFEEYAH\u0027, ip: \u0027192.168.0.36\u0027, os.name: \u0027Windows 10\u0027, os.arch: \u0027amd64\u0027, os.version: \u002710.0\u0027, java.version: \u00271.8.0_201\u0027\nDriver info: driver.version: unknown\r\n\tat org.openqa.selenium.support.ui.ExpectedConditions.lambda$findElement$0(ExpectedConditions.java:896)\r\n\tat java.util.Optional.orElseThrow(Unknown Source)\r\n\tat org.openqa.selenium.support.ui.ExpectedConditions.findElement(ExpectedConditions.java:895)\r\n\tat org.openqa.selenium.support.ui.ExpectedConditions.access$000(ExpectedConditions.java:44)\r\n\tat org.openqa.selenium.support.ui.ExpectedConditions$7.apply(ExpectedConditions.java:206)\r\n\tat org.openqa.selenium.support.ui.ExpectedConditions$7.apply(ExpectedConditions.java:202)\r\n\tat org.openqa.selenium.support.ui.FluentWait.until(FluentWait.java:248)\r\n\tat Helpers.HelperFunctions.waitForElementToBecomeVisible(HelperFunctions.java:154)\r\n\tat StepDefinitions.ARMStepDefinitions.user_the_create_a_money_by_for_for_the(ARMStepDefinitions.java:551)\r\n\tat sun.reflect.NativeMethodAccessorImpl.invoke0(Native Method)\r\n\tat sun.reflect.NativeMethodAccessorImpl.invoke(Unknown Source)\r\n\tat sun.reflect.DelegatingMethodAccessorImpl.invoke(Unknown Source)\r\n\tat java.lang.reflect.Method.invoke(Unknown Source)\r\n\tat cucumber.runtime.Utils$1.call(Utils.java:40)\r\n\tat cucumber.runtime.Timeout.timeout(Timeout.java:16)\r\n\tat cucumber.runtime.Utils.invoke(Utils.java:34)\r\n\tat cucumber.runtime.java.JavaStepDefinition.execute(JavaStepDefinition.java:38)\r\n\tat cucumber.runtime.StepDefinitionMatch.runStep(StepDefinitionMatch.java:37)\r\n\tat cucumber.runtime.Runtime.runStep(Runtime.java:300)\r\n\tat cucumber.runtime.model.StepContainer.runStep(StepContainer.java:44)\r\n\tat cucumber.runtime.model.StepContainer.runSteps(StepContainer.java:39)\r\n\tat cucumber.runtime.model.CucumberScenario.run(CucumberScenario.java:44)\r\n\tat cucumber.runtime.junit.ExecutionUnitRunner.run(ExecutionUnitRunner.java:102)\r\n\tat org.junit.runners.Suite.runChild(Suite.java:128)\r\n\tat org.junit.runners.Suite.runChild(Suite.java:27)\r\n\tat org.junit.runners.ParentRunner$3.run(ParentRunner.java:290)\r\n\tat org.junit.runners.ParentRunner$1.schedule(ParentRunner.java:71)\r\n\tat org.junit.runners.ParentRunner.runChildren(ParentRunner.java:288)\r\n\tat org.junit.runners.ParentRunner.access$000(ParentRunner.java:58)\r\n\tat org.junit.runners.ParentRunner$2.evaluate(ParentRunner.java:268)\r\n\tat org.junit.runners.ParentRunner.run(ParentRunner.java:363)\r\n\tat cucumber.runtime.junit.ExamplesRunner.run(ExamplesRunner.java:59)\r\n\tat org.junit.runners.Suite.runChild(Suite.java:128)\r\n\tat org.junit.runners.Suite.runChild(Suite.java:27)\r\n\tat org.junit.runners.ParentRunner$3.run(ParentRunner.java:290)\r\n\tat org.junit.runners.ParentRunner$1.schedule(ParentRunner.java:71)\r\n\tat org.junit.runners.ParentRunner.runChildren(ParentRunner.java:288)\r\n\tat org.junit.runners.ParentRunner.access$000(ParentRunner.java:58)\r\n\tat org.junit.runners.ParentRunner$2.evaluate(ParentRunner.java:268)\r\n\tat org.junit.runners.ParentRunner.run(ParentRunner.java:363)\r\n\tat cucumber.runtime.junit.ScenarioOutlineRunner.run(ScenarioOutlineRunner.java:53)\r\n\tat cucumber.runtime.junit.FeatureRunner.runChild(FeatureRunner.java:63)\r\n\tat cucumber.runtime.junit.FeatureRunner.runChild(FeatureRunner.java:18)\r\n\tat org.junit.runners.ParentRunner$3.run(ParentRunner.java:290)\r\n\tat org.junit.runners.ParentRunner$1.schedule(ParentRunner.java:71)\r\n\tat org.junit.runners.ParentRunner.runChildren(ParentRunner.java:288)\r\n\tat org.junit.runners.ParentRunner.access$000(ParentRunner.java:58)\r\n\tat org.junit.runners.ParentRunner$2.evaluate(ParentRunner.java:268)\r\n\tat org.junit.runners.ParentRunner.run(ParentRunner.java:363)\r\n\tat cucumber.runtime.junit.FeatureRunner.run(FeatureRunner.java:70)\r\n\tat cucumber.api.junit.Cucumber.runChild(Cucumber.java:95)\r\n\tat cucumber.api.junit.Cucumber.runChild(Cucumber.java:38)\r\n\tat org.junit.runners.ParentRunner$3.run(ParentRunner.java:290)\r\n\tat org.junit.runners.ParentRunner$1.schedule(ParentRunner.java:71)\r\n\tat org.junit.runners.ParentRunner.runChildren(ParentRunner.java:288)\r\n\tat org.junit.runners.ParentRunner.access$000(ParentRunner.java:58)\r\n\tat org.junit.runners.ParentRunner$2.evaluate(ParentRunner.java:268)\r\n\tat org.junit.internal.runners.statements.RunBefores.evaluate(RunBefores.java:26)\r\n\tat org.junit.internal.runners.statements.RunAfters.evaluate(RunAfters.java:27)\r\n\tat org.junit.runners.ParentRunner.run(ParentRunner.java:363)\r\n\tat cucumber.api.junit.Cucumber.run(Cucumber.java:100)\r\n\tat org.eclipse.jdt.internal.junit4.runner.JUnit4TestReference.run(JUnit4TestReference.java:89)\r\n\tat org.eclipse.jdt.internal.junit.runner.TestExecution.run(TestExecution.java:41)\r\n\tat org.eclipse.jdt.internal.junit.runner.RemoteTestRunner.runTests(RemoteTestRunner.java:541)\r\n\tat org.eclipse.jdt.internal.junit.runner.RemoteTestRunner.runTests(RemoteTestRunner.java:763)\r\n\tat org.eclipse.jdt.internal.junit.runner.RemoteTestRunner.run(RemoteTestRunner.java:463)\r\n\tat org.eclipse.jdt.internal.junit.runner.RemoteTestRunner.main(RemoteTestRunner.java:209)\r\n",
              "status": "failed"
            },
            "line": 8,
            "name": "user  the create a money \"Account Transfer\" by \"Maria\" for  \"Sadi\" for the \"90\"",
            "match": {
              "arguments": [
                {
                  "val": "Account Transfer",
                  "offset": 26
                },
                {
                  "val": "Maria",
                  "offset": 48
                },
                {
                  "val": "Sadi",
                  "offset": 61
                },
                {
                  "val": "90",
                  "offset": 76
                }
              ],
              "location": "ARMStepDefinitions.user_the_create_a_money_by_for_for_the(String,String,String,String)"
            },
            "matchedColumns": [
              0,
              1,
              2,
              3
            ],
            "keyword": "When "
          }
        ],
        "tags": [
          {
            "line": 1,
            "name": "@Test"
          }
        ]
      }
    ],
    "name": "Test",
    "description": "",
    "id": "test",
    "keyword": "Feature",
    "uri": "Test.feature",
    "tags": [
      {
        "line": 1,
        "name": "@Test"
      }
    ]
  }
]